[2025-11-01 07:35:47 IST] [pid:36] DEBUG Logger initialized at /usr/src/app/log/app.log with timezone Asia/Kolkata
[2025-11-01 07:35:47 IST] [pid:36] DEBUG Setting up simple logging email transport
[2025-11-01 07:35:47 IST] [pid:36] DEBUG Email transport initialized using Basic SMTP for host: smtp.gmail.com
[2025-11-01 07:35:47 IST] [pid:36] DEBUG Cache system initialized
[2025-11-01 07:35:47 IST] [pid:36] DEBUG Helpers registered
[2025-11-01 07:35:47 IST] [pid:36] DEBUG Hooks registered safely
[2025-11-01 07:35:47 IST] [pid:36] DEBUG All routes registered successfully
[2025-11-01 07:35:47 IST] [pid:36] DEBUG TravellersPalm app started successfully
[2025-11-01 07:40:41 IST] [pid:39] DEBUG Logger initialized at /usr/src/app/log/app.log with timezone Asia/Kolkata
[2025-11-01 07:40:41 IST] [pid:39] DEBUG Setting up simple logging email transport
[2025-11-01 07:40:41 IST] [pid:39] DEBUG Email transport initialized using Basic SMTP for host: smtp.gmail.com
[2025-11-01 07:40:42 IST] [pid:39] DEBUG Cache system initialized
[2025-11-01 07:40:42 IST] [pid:39] DEBUG Helpers registered
[2025-11-01 07:40:42 IST] [pid:39] DEBUG Hooks registered safely
[2025-11-01 07:40:42 IST] [pid:39] DEBUG All routes registered successfully
[2025-11-01 07:40:42 IST] [pid:39] DEBUG TravellersPalm app started successfully
[2025-11-01 07:40:45 IST] [pid:42] DEBUG Logger initialized at /usr/src/app/log/app.log with timezone Asia/Kolkata
[2025-11-01 07:40:45 IST] [pid:42] DEBUG Setting up simple logging email transport
[2025-11-01 07:40:45 IST] [pid:42] DEBUG Email transport initialized using Basic SMTP for host: smtp.gmail.com
[2025-11-01 07:40:46 IST] [pid:42] DEBUG Cache system initialized
[2025-11-01 07:40:46 IST] [pid:42] DEBUG Helpers registered
[2025-11-01 07:40:46 IST] [pid:42] DEBUG Hooks registered safely
[2025-11-01 07:40:46 IST] [pid:42] DEBUG All routes registered successfully
[2025-11-01 07:40:46 IST] [pid:42] DEBUG TravellersPalm app started successfully
